0 info it worked if it ends with ok
1 verbose cli [ '/usr/bin/nodejs', '/usr/bin/npm', 'install', 'ngRoute' ]
2 info using npm@2.14.7
3 info using node@v4.2.2
4 verbose install initial load of /home/marcus/dev/poddschema/package.json
5 warn package.json static_poddschema_server@0.0.1 No description
6 warn package.json static_poddschema_server@0.0.1 No repository field.
7 warn package.json static_poddschema_server@0.0.1 No README data
8 warn package.json static_poddschema_server@0.0.1 No license field.
9 verbose installManyTop reading scoped package data from /home/marcus/dev/poddschema/node_modules/body-parser/package.json
10 verbose installManyTop reading scoped package data from /home/marcus/dev/poddschema/node_modules/bson/package.json
11 verbose installManyTop reading scoped package data from /home/marcus/dev/poddschema/node_modules/express/package.json
12 verbose installManyTop reading scoped package data from /home/marcus/dev/poddschema/node_modules/method-override/package.json
13 verbose installManyTop reading scoped package data from /home/marcus/dev/poddschema/node_modules/mongoose/package.json
14 info package.json mongoose@3.8.37 No license field.
15 verbose readDependencies loading dependencies from /home/marcus/dev/poddschema/package.json
16 silly cache add args [ 'ngRoute', null ]
17 verbose cache add spec ngRoute
18 silly cache add parsed spec Result {
18 silly cache add   raw: 'ngRoute',
18 silly cache add   scope: null,
18 silly cache add   name: 'ngRoute',
18 silly cache add   rawSpec: '',
18 silly cache add   spec: '*',
18 silly cache add   type: 'range' }
19 silly addNamed ngRoute@*
20 verbose addNamed "*" is a valid semver range for ngRoute
21 silly addNameRange { name: 'ngRoute', range: '*', hasData: false }
22 silly mapToRegistry name ngRoute
23 silly mapToRegistry using default registry
24 silly mapToRegistry registry https://registry.npmjs.org/
25 silly mapToRegistry uri https://registry.npmjs.org/ngRoute
26 verbose addNameRange registry:https://registry.npmjs.org/ngRoute not in flight; fetching
27 verbose request uri https://registry.npmjs.org/ngRoute
28 verbose request no auth needed
29 info attempt registry request try #1 at 3:20:36 PM
30 verbose request id 858336d9435cea3e
31 http request GET https://registry.npmjs.org/ngRoute
32 http 404 https://registry.npmjs.org/ngRoute
33 verbose headers { 'content-type': 'application/json',
33 verbose headers   'cache-control': 'max-age=0',
33 verbose headers   'content-length': '2',
33 verbose headers   'accept-ranges': 'bytes',
33 verbose headers   date: 'Sun, 22 Nov 2015 14:20:37 GMT',
33 verbose headers   via: '1.1 varnish',
33 verbose headers   age: '0',
33 verbose headers   connection: 'keep-alive',
33 verbose headers   'x-served-by': 'cache-ams4146-AMS',
33 verbose headers   'x-cache': 'MISS',
33 verbose headers   'x-cache-hits': '0',
33 verbose headers   'x-timer': 'S1448202036.669157,VS0,VE645' }
34 silly get cb [ 404,
34 silly get   { 'content-type': 'application/json',
34 silly get     'cache-control': 'max-age=0',
34 silly get     'content-length': '2',
34 silly get     'accept-ranges': 'bytes',
34 silly get     date: 'Sun, 22 Nov 2015 14:20:37 GMT',
34 silly get     via: '1.1 varnish',
34 silly get     age: '0',
34 silly get     connection: 'keep-alive',
34 silly get     'x-served-by': 'cache-ams4146-AMS',
34 silly get     'x-cache': 'MISS',
34 silly get     'x-cache-hits': '0',
34 silly get     'x-timer': 'S1448202036.669157,VS0,VE645' } ]
35 verbose stack Error: Registry returned 404 for GET on https://registry.npmjs.org/ngRoute
35 verbose stack     at makeError (/usr/lib/node_modules/npm/node_modules/npm-registry-client/lib/request.js:264:12)
35 verbose stack     at CachingRegistryClient.<anonymous> (/usr/lib/node_modules/npm/node_modules/npm-registry-client/lib/request.js:242:14)
35 verbose stack     at Request._callback (/usr/lib/node_modules/npm/node_modules/npm-registry-client/lib/request.js:172:14)
35 verbose stack     at Request.self.callback (/usr/lib/node_modules/npm/node_modules/request/request.js:198:22)
35 verbose stack     at emitTwo (events.js:87:13)
35 verbose stack     at Request.emit (events.js:172:7)
35 verbose stack     at Request.<anonymous> (/usr/lib/node_modules/npm/node_modules/request/request.js:1063:14)
35 verbose stack     at emitOne (events.js:82:20)
35 verbose stack     at Request.emit (events.js:169:7)
35 verbose stack     at IncomingMessage.<anonymous> (/usr/lib/node_modules/npm/node_modules/request/request.js:1009:12)
36 verbose statusCode 404
37 verbose pkgid ngRoute
38 verbose cwd /home/marcus/dev/poddschema
39 error Linux 3.19.0-33-generic
40 error argv "/usr/bin/nodejs" "/usr/bin/npm" "install" "ngRoute"
41 error node v4.2.2
42 error npm  v2.14.7
43 error code E404
44 error 404 Registry returned 404 for GET on https://registry.npmjs.org/ngRoute
44 error 404
44 error 404 'ngRoute' is not in the npm registry.
44 error 404 Your package name is not valid, because
44 error 404
44 error 404  1. name can no longer contain capital letters
44 error 404 It was specified as a dependency of 'static_poddschema_server'
44 error 404
44 error 404 Note that you can also install from a
44 error 404 tarball, folder, http url, or git url.
45 verbose exit [ 1, true ]
